<?xml version="1.0" encoding="UTF-8"?>
<!-- Generated by org.testng.reporters.JUnitReportReporter -->
<testsuite hostname="MSY-PC" name="com.jenkin.JenkinBasics.NewTest" tests="1" failures="0" timestamp="12 Jun 2020 06:59:58 GMT" time="0.010" errors="0">
  <testcase name="TestJenkin" time="0.010" classname="com.jenkin.JenkinBasics.NewTest"/>
</testsuite> <!-- com.jenkin.JenkinBasics.NewTest -->
